This file contains any messages produced by compilers while
running configure, to aid debugging if configure makes a mistake.

It was created by configure, which was
generated by GNU Autoconf 2.69.  Invocation command line was

  $ ./configure --libdir=/usr/lib64 --includedir=/usr/include/fastcgi

## --------- ##
## Platform. ##
## --------- ##

hostname = linux-nonj
uname -m = x86_64
uname -r = 4.1.12-1-default
uname -s = Linux
uname -v = #1 SMP PREEMPT Thu Oct 29 06:43:42 UTC 2015 (e24bad1)

/usr/bin/uname -p = x86_64
/bin/uname -X     = unknown

/bin/arch              = x86_64
/usr/bin/arch -k       = unknown
/usr/convex/getsysinfo = unknown
/usr/bin/hostinfo      = unknown
/bin/machine           = unknown
/usr/bin/oslevel       = unknown
/bin/universe          = unknown

PATH: /sbin
PATH: /usr/sbin
PATH: /usr/local/sbin
PATH: /root/bin
PATH: /usr/local/bin
PATH: /usr/bin
PATH: /bin
PATH: /usr/games


## ----------- ##
## Core tests. ##
## ----------- ##

configure:2315: loading site script /usr/share/site/x86_64-unknown-linux-gnu
| #!/bin/sh
| # Site script for configure. It is resourced via $CONFIG_SITE environment varaible.
| 
| # If user did not specify libdir, guess the correct target:
| # Use lib64 for 64 bit bi-arch targets, keep the default for the rest.
| if test "$libdir" = '${exec_prefix}/lib' ; then
| 
| 	ac_config_site_64bit_host=NONE
| 
| 	case "$host" in
| 	"" )
| 		# User did not specify host target.
| 		# The native platform x86_64 is a bi-arch platform.
| 		# Try to detect cross-compilation to inferior architecture.
| 
| 		# We are trying to guess 32-bit target compilation. It's not as easy as
| 		# it sounds, as there is possible several intermediate combinations.
| 		ac_config_site_cross_to_32bit_host=NONE
| 
| 		# User defined -m32 in CFLAGS or CXXFLAGS or CC or CXX:
| 		# (It's sufficient for 32-bit, but alone may cause mis-behavior of some checks.)
| 		case "$CFLAGS $CXXFLAGS $CC $CXX" in
| 		*-m32*)
| 			ac_config_site_cross_to_32bit_host=YES
| 			;;
| 		esac
| 
| 		# Running with linux32:
| 		# (Changes detected platform, but not the toolchain target.)
| 		case "`/bin/uname -i`" in
| 		x86_64 | ppc64 | s390x )
| 			;;
| 		* )
| 			ac_config_site_cross_to_32bit_host=YES
| 			;;
| 		esac
| 
| 		if test "x$ac_config_site_cross_to_32bit_host" = xNONE; then
| 			ac_config_site_64bit_host=YES
| 		fi
| 
| 		;;
| 	*x86_64* | *ppc64* | *s390x* )
| 		ac_config_site_64bit_host=YES
| 		;;
| 	esac
| 
| 	if test "x$ac_config_site_64bit_host" = xYES; then
| 		libdir='${exec_prefix}/lib64'
| 	fi
| fi
| 
| # If user did not specify libexecdir, set the correct target:
| # Nor FHS nor openSUSE allow prefix/libexec. Let's default to prefix/lib.
| 
| if test "$libexecdir" = '${exec_prefix}/libexec' ; then
| 	libexecdir='${exec_prefix}/lib'
| fi
| 
| # Continue with the standard behavior of configure defined in AC_SITE_LOAD:
| if test "x$prefix" != xNONE; then
| 	ac_site_file1=$prefix/share/config.site
| 	ac_site_file2=$prefix/etc/config.site
| else
| 	ac_site_file1=$ac_default_prefix/share/config.site
| 	ac_site_file2=$ac_default_prefix/etc/config.site
| fi
| for ac_site_file in "$ac_site_file1" "$ac_site_file2"
| do
| 	test "x$ac_site_file" = xNONE && continue
| 	if test /dev/null != "$ac_site_file" && test -r "$ac_site_file"; then
| 		{ $as_echo "/usr/share/site/x86_64-unknown-linux-gnu:${as_lineno-$LINENO}: loading site script $ac_site_file" >&5
| $as_echo "/usr/share/site/x86_64-unknown-linux-gnu: loading site script $ac_site_file" >&6;}
| 		sed 's/^/| /' "$ac_site_file" >&5
| 		. "$ac_site_file" \
| 			|| { { $as_echo "/usr/share/site/x86_64-unknown-linux-gnu:${as_lineno-$LINENO}: error: in \`$ac_pwd':" >&5
| $as_echo "/usr/share/site/x86_64-unknown-linux-gnu: error: in \`$ac_pwd':" >&2;}
| as_fn_error $? "failed to load site script $ac_site_file
| See \`config.log' for more details" "$LINENO" 5; }
| 	fi
| done
configure:2454: checking for a BSD-compatible install
configure:2522: result: /usr/bin/install -c
configure:2533: checking whether build environment is sane
configure:2570: result: yes
configure:2601: checking for gawk
configure:2617: found /usr/bin/gawk
configure:2628: result: gawk
configure:2639: checking whether make sets $(MAKE)
configure:2661: result: yes
configure:2816: checking for gcc
configure:2832: found /usr/bin/gcc
configure:2843: result: gcc
configure:3072: checking for C compiler version
configure:3081: gcc --version >&5
gcc (SUSE Linux) 4.8.5
Copyright (C) 2015 Free Software Foundation, Inc.
This is free software; see the source for copying conditions.  There is NO
warranty; not even for MERCHANTABILITY or FITNESS FOR A PARTICULAR PURPOSE.

configure:3092: $? = 0
configure:3081: gcc -v >&5
Using built-in specs.
COLLECT_GCC=gcc
COLLECT_LTO_WRAPPER=/usr/lib64/gcc/x86_64-suse-linux/4.8/lto-wrapper
Target: x86_64-suse-linux
Configured with: ../configure --prefix=/usr --infodir=/usr/share/info --mandir=/usr/share/man --libdir=/usr/lib64 --libexecdir=/usr/lib64 --enable-languages=c,c++,objc,fortran,obj-c++,java,ada --enable-checking=release --with-gxx-include-dir=/usr/include/c++/4.8 --enable-ssp --disable-libssp --disable-plugin --with-bugurl=http://bugs.opensuse.org/ --with-pkgversion='SUSE Linux' --disable-libgcj --disable-libmudflap --with-slibdir=/lib64 --with-system-zlib --enable-__cxa_atexit --enable-libstdcxx-allocator=new --disable-libstdcxx-pch --enable-version-specific-runtime-libs --enable-linker-build-id --enable-linux-futex --program-suffix=-4.8 --without-system-libunwind --with-arch-32=i586 --with-tune=generic --build=x86_64-suse-linux --host=x86_64-suse-linux
Thread model: posix
gcc version 4.8.5 (SUSE Linux) 
configure:3092: $? = 0
configure:3081: gcc -V >&5
gcc: error: unrecognized command line option '-V'
gcc: fatal error: no input files
compilation terminated.
configure:3092: $? = 1
configure:3081: gcc -qversion >&5
gcc: error: unrecognized command line option '-qversion'
gcc: fatal error: no input files
compilation terminated.
configure:3092: $? = 1
configure:3112: checking whether the C compiler works
configure:3134: gcc    conftest.c  >&5
configure:3138: $? = 0
configure:3186: result: yes
configure:3189: checking for C compiler default output file name
configure:3191: result: a.out
configure:3197: checking for suffix of executables
configure:3204: gcc -o conftest    conftest.c  >&5
configure:3208: $? = 0
configure:3230: result: 
configure:3252: checking whether we are cross compiling
configure:3260: gcc -o conftest    conftest.c  >&5
configure:3264: $? = 0
configure:3271: ./conftest
configure:3275: $? = 0
configure:3290: result: no
configure:3295: checking for suffix of object files
configure:3317: gcc -c   conftest.c >&5
configure:3321: $? = 0
configure:3342: result: o
configure:3346: checking whether we are using the GNU C compiler
configure:3365: gcc -c   conftest.c >&5
configure:3365: $? = 0
configure:3374: result: yes
configure:3383: checking whether gcc accepts -g
configure:3403: gcc -c -g  conftest.c >&5
configure:3403: $? = 0
configure:3444: result: yes
configure:3461: checking for gcc option to accept ISO C89
configure:3524: gcc  -c -g -O2  conftest.c >&5
configure:3524: $? = 0
configure:3537: result: none needed
configure:3565: checking for style of include used by make
configure:3593: result: GNU
configure:3600: checking dependency style of gcc
configure:3662: result: gcc3
configure:3672: checking how to run the C preprocessor
configure:3703: gcc -E  conftest.c
configure:3703: $? = 0
configure:3717: gcc -E  conftest.c
conftest.c:11:28: fatal error: ac_nonexistent.h: No such file or directory
 #include <ac_nonexistent.h>
                            ^
compilation terminated.
configure:3717: $? = 1
configure: failed program was:
| /* confdefs.h */
| #define PACKAGE_NAME ""
| #define PACKAGE_TARNAME ""
| #define PACKAGE_VERSION ""
| #define PACKAGE_STRING ""
| #define PACKAGE_BUGREPORT ""
| #define PACKAGE_URL ""
| #define PACKAGE "fcgi"
| #define VERSION "2.4.0"
| /* end confdefs.h.  */
| #include <ac_nonexistent.h>
configure:3742: result: gcc -E
configure:3762: gcc -E  conftest.c
configure:3762: $? = 0
configure:3776: gcc -E  conftest.c
conftest.c:11:28: fatal error: ac_nonexistent.h: No such file or directory
 #include <ac_nonexistent.h>
                            ^
compilation terminated.
configure:3776: $? = 1
configure: failed program was:
| /* confdefs.h */
| #define PACKAGE_NAME ""
| #define PACKAGE_TARNAME ""
| #define PACKAGE_VERSION ""
| #define PACKAGE_STRING ""
| #define PACKAGE_BUGREPORT ""
| #define PACKAGE_URL ""
| #define PACKAGE "fcgi"
| #define VERSION "2.4.0"
| /* end confdefs.h.  */
| #include <ac_nonexistent.h>
configure:3875: checking build system type
configure:3889: result: x86_64-unknown-linux-gnu
configure:3909: checking host system type
configure:3922: result: x86_64-unknown-linux-gnu
configure:3964: checking for ld used by GCC
configure:4027: result: /usr/x86_64-suse-linux/bin/ld
configure:4034: checking if the linker (/usr/x86_64-suse-linux/bin/ld) is GNU ld
GNU ld (GNU Binutils; openSUSE Leap 42.1) 2.25.0
configure:4046: result: yes
configure:4051: checking for /usr/x86_64-suse-linux/bin/ld option to reload object files
configure:4058: result: -r
configure:4063: checking for BSD-compatible nm
configure:4099: result: /usr/bin/nm -B
configure:4102: checking whether ln -s works
configure:4106: result: yes
configure:4113: checking how to recognise dependant libraries
configure:4291: result: file_magic ELF [0-9][0-9]*-bit [LM]SB (shared object|dynamic lib )
configure:4304: checking command to parse /usr/bin/nm -B output
configure:4385: gcc -c -g -O2  conftest.c >&5
configure:4388: $? = 0
configure:4392: /usr/bin/nm -B conftest.o \| sed -n -e 's/^.*[ 	]\([ABCDGISTW][ABCDGISTW]*\)[ 	][ 	]*\(\)\([_A-Za-z][_A-Za-z0-9]*\)$/\1 \2\3 \3/p' \> conftest.nm
configure:4395: $? = 0
configure:4447: gcc -o conftest -g -O2   conftest.c conftstm.o >&5
configure:4450: $? = 0
configure:4494: result: ok
configure:4499: checking for grep that handles long lines and -e
configure:4557: result: /usr/bin/grep
configure:4562: checking for egrep
configure:4624: result: /usr/bin/grep -E
configure:4629: checking for ANSI C header files
configure:4649: gcc -c -g -O2  conftest.c >&5
configure:4649: $? = 0
configure:4722: gcc -o conftest -g -O2   conftest.c  >&5
configure:4722: $? = 0
configure:4722: ./conftest
configure:4722: $? = 0
configure:4733: result: yes
configure:4746: checking for sys/types.h
configure:4746: gcc -c -g -O2  conftest.c >&5
configure:4746: $? = 0
configure:4746: result: yes
configure:4746: checking for sys/stat.h
configure:4746: gcc -c -g -O2  conftest.c >&5
configure:4746: $? = 0
configure:4746: result: yes
configure:4746: checking for stdlib.h
configure:4746: gcc -c -g -O2  conftest.c >&5
configure:4746: $? = 0
configure:4746: result: yes
configure:4746: checking for string.h
configure:4746: gcc -c -g -O2  conftest.c >&5
configure:4746: $? = 0
configure:4746: result: yes
configure:4746: checking for memory.h
configure:4746: gcc -c -g -O2  conftest.c >&5
configure:4746: $? = 0
configure:4746: result: yes
configure:4746: checking for strings.h
configure:4746: gcc -c -g -O2  conftest.c >&5
configure:4746: $? = 0
configure:4746: result: yes
configure:4746: checking for inttypes.h
configure:4746: gcc -c -g -O2  conftest.c >&5
configure:4746: $? = 0
configure:4746: result: yes
configure:4746: checking for stdint.h
configure:4746: gcc -c -g -O2  conftest.c >&5
configure:4746: $? = 0
configure:4746: result: yes
configure:4746: checking for unistd.h
configure:4746: gcc -c -g -O2  conftest.c >&5
configure:4746: $? = 0
configure:4746: result: yes
configure:4760: checking dlfcn.h usability
configure:4760: gcc -c -g -O2  conftest.c >&5
configure:4760: $? = 0
configure:4760: result: yes
configure:4760: checking dlfcn.h presence
configure:4760: gcc -E  conftest.c
configure:4760: $? = 0
configure:4760: result: yes
configure:4760: checking for dlfcn.h
configure:4760: result: yes
configure:4778: checking for file
configure:4833: result: /usr/bin/file
configure:4956: checking for ranlib
configure:4972: found /usr/bin/ranlib
configure:4983: result: ranlib
configure:5048: checking for strip
configure:5064: found /usr/bin/strip
configure:5075: result: strip
configure:5276: checking for objdir
configure:5287: result: .libs
configure:5304: checking for gcc option to produce PIC
configure:5454: result: -fPIC
configure:5458: checking if gcc PIC flag -fPIC works
configure:5476: gcc -c -g -O2 -fPIC -DPIC  conftest.c >&5
configure:5476: $? = 0
configure:5510: result: yes
configure:5526: checking if gcc static flag -static works
configure:5545: gcc -o conftest -g -O2   -static conftest.c  >&5
/usr/lib64/gcc/x86_64-suse-linux/4.8/../../../../x86_64-suse-linux/bin/ld: cannot find -lc
collect2: error: ld returned 1 exit status
configure:5545: $? = 1
configure: failed program was:
| /* confdefs.h */
| #define PACKAGE_NAME ""
| #define PACKAGE_TARNAME ""
| #define PACKAGE_VERSION ""
| #define PACKAGE_STRING ""
| #define PACKAGE_BUGREPORT ""
| #define PACKAGE_URL ""
| #define PACKAGE "fcgi"
| #define VERSION "2.4.0"
| #define STDC_HEADERS 1
| #define HAVE_SYS_TYPES_H 1
| #define HAVE_SYS_STAT_H 1
| #define HAVE_STDLIB_H 1
| #define HAVE_STRING_H 1
| #define HAVE_MEMORY_H 1
| #define HAVE_STRINGS_H 1
| #define HAVE_INTTYPES_H 1
| #define HAVE_STDINT_H 1
| #define HAVE_UNISTD_H 1
| #define HAVE_DLFCN_H 1
| /* end confdefs.h.  */
| 
| int
| main ()
| {
| 
|   ;
|   return 0;
| }
configure:5557: result: no
configure:5569: checking if gcc supports -c -o file.o
configure:5589: gcc -c -g -O2 -o out/conftest2.o  conftest.c >&5
configure:5613: result: yes
configure:5618: checking if gcc supports -c -o file.lo
configure:5640: gcc -c -g -O2 -c -o conftest.lo  conftest.c >&5
configure:5640: $? = 0
configure:5657: result: yes
configure:5688: checking if gcc supports -fno-rtti -fno-exceptions
configure:5705: gcc -c -g -O2 -fno-rtti -fno-exceptions -c conftest.c  conftest.c >&5
cc1: warning: command line option '-fno-rtti' is valid for C++/ObjC++ but not for C [enabled by default]
cc1: warning: command line option '-fno-rtti' is valid for C++/ObjC++ but not for C [enabled by default]
configure:5705: $? = 0
configure:5717: result: no
configure:5728: checking whether the linker (/usr/x86_64-suse-linux/bin/ld) supports shared libraries
configure:6408: result: yes
configure:6413: checking how to hardcode library paths into programs
configure:6437: result: immediate
configure:6442: checking whether stripping libraries is possible
configure:6447: result: yes
configure:6458: checking dynamic linker characteristics
configure:6851: result: GNU/Linux ld.so
configure:6856: checking if libtool supports shared libraries
configure:6858: result: yes
configure:6861: checking whether to build shared libraries
configure:6882: result: yes
configure:6885: checking whether to build static libraries
configure:6889: result: yes
configure:7349: checking whether -lc should be explicitly linked in
configure:7357: gcc -c -g -O2  conftest.c >&5
configure:7360: $? = 0
configure:7374: gcc -shared conftest.o  -v -Wl,-soname -Wl,conftest -o conftest 2\>\&1 \| grep  -lc  \>/dev/null 2\>\&1
configure:7377: $? = 0
configure:7390: result: no
configure:8019: checking for g++
configure:8035: found /usr/bin/g++
configure:8046: result: g++
configure:8073: checking for C++ compiler version
configure:8082: g++ --version >&5
g++ (SUSE Linux) 4.8.5
Copyright (C) 2015 Free Software Foundation, Inc.
This is free software; see the source for copying conditions.  There is NO
warranty; not even for MERCHANTABILITY or FITNESS FOR A PARTICULAR PURPOSE.

configure:8093: $? = 0
configure:8082: g++ -v >&5
Using built-in specs.
COLLECT_GCC=g++
COLLECT_LTO_WRAPPER=/usr/lib64/gcc/x86_64-suse-linux/4.8/lto-wrapper
Target: x86_64-suse-linux
Configured with: ../configure --prefix=/usr --infodir=/usr/share/info --mandir=/usr/share/man --libdir=/usr/lib64 --libexecdir=/usr/lib64 --enable-languages=c,c++,objc,fortran,obj-c++,java,ada --enable-checking=release --with-gxx-include-dir=/usr/include/c++/4.8 --enable-ssp --disable-libssp --disable-plugin --with-bugurl=http://bugs.opensuse.org/ --with-pkgversion='SUSE Linux' --disable-libgcj --disable-libmudflap --with-slibdir=/lib64 --with-system-zlib --enable-__cxa_atexit --enable-libstdcxx-allocator=new --disable-libstdcxx-pch --enable-version-specific-runtime-libs --enable-linker-build-id --enable-linux-futex --program-suffix=-4.8 --without-system-libunwind --with-arch-32=i586 --with-tune=generic --build=x86_64-suse-linux --host=x86_64-suse-linux
Thread model: posix
gcc version 4.8.5 (SUSE Linux) 
configure:8093: $? = 0
configure:8082: g++ -V >&5
g++: error: unrecognized command line option '-V'
g++: fatal error: no input files
compilation terminated.
configure:8093: $? = 1
configure:8082: g++ -qversion >&5
g++: error: unrecognized command line option '-qversion'
g++: fatal error: no input files
compilation terminated.
configure:8093: $? = 1
configure:8097: checking whether we are using the GNU C++ compiler
configure:8116: g++ -c   conftest.cpp >&5
configure:8116: $? = 0
configure:8125: result: yes
configure:8134: checking whether g++ accepts -g
configure:8154: g++ -c -g  conftest.cpp >&5
configure:8154: $? = 0
configure:8195: result: yes
configure:8220: checking dependency style of g++
configure:8282: result: gcc3
configure:8295: checking whether g++ works
configure:8309: g++ -c -g -O2  conftest.cpp >&5
configure:8309: $? = 0
configure:8310: result: yes
configure:8314: checking whether cin has a streambuf assignment operator
configure:8327: g++ -c -g -O2  conftest.cpp >&5
conftest.cpp: In function 'int main()':
conftest.cpp:26:1: error: 'cin' was not declared in this scope
 cin = static_cast<streambuf *>(0);
 ^
conftest.cpp:26:1: note: suggested alternative:
In file included from conftest.cpp:22:0:
/usr/include/c++/4.8/iostream:60:18: note:   'std::cin'
   extern istream cin;  /// Linked to standard input
                  ^
conftest.cpp:26:19: error: expected type-specifier before 'streambuf'
 cin = static_cast<streambuf *>(0);
                   ^
conftest.cpp:26:19: error: expected '>' before 'streambuf'
conftest.cpp:26:19: error: expected '(' before 'streambuf'
conftest.cpp:26:19: error: 'streambuf' was not declared in this scope
conftest.cpp:26:19: note: suggested alternative:
In file included from /usr/include/c++/4.8/ios:38:0,
                 from /usr/include/c++/4.8/ostream:38,
                 from /usr/include/c++/4.8/iostream:39,
                 from conftest.cpp:22:
/usr/include/c++/4.8/iosfwd:130:34: note:   'std::streambuf'
   typedef basic_streambuf<char>  streambuf;
                                  ^
conftest.cpp:26:30: error: expected primary-expression before '>' token
 cin = static_cast<streambuf *>(0);
                              ^
conftest.cpp:26:34: error: expected ')' before ';' token
 cin = static_cast<streambuf *>(0);
                                  ^
configure:8327: $? = 1
configure: failed program was:
| /* confdefs.h */
| #define PACKAGE_NAME ""
| #define PACKAGE_TARNAME ""
| #define PACKAGE_VERSION ""
| #define PACKAGE_STRING ""
| #define PACKAGE_BUGREPORT ""
| #define PACKAGE_URL ""
| #define PACKAGE "fcgi"
| #define VERSION "2.4.0"
| #define STDC_HEADERS 1
| #define HAVE_SYS_TYPES_H 1
| #define HAVE_SYS_STAT_H 1
| #define HAVE_STDLIB_H 1
| #define HAVE_STRING_H 1
| #define HAVE_MEMORY_H 1
| #define HAVE_STRINGS_H 1
| #define HAVE_INTTYPES_H 1
| #define HAVE_STDINT_H 1
| #define HAVE_UNISTD_H 1
| #define HAVE_DLFCN_H 1
| /* end confdefs.h.  */
| #include <iostream>
| int
| main ()
| {
| cin = static_cast<streambuf *>(0);
|   ;
|   return 0;
| }
configure:8334: result: no
configure:8338: checking whether char_type is defined in the context of streambuf
configure:8351: g++ -c -g -O2  conftest.cpp >&5
configure:8351: $? = 0
configure:8352: result: yes
configure:8377: checking for gethostbyname in -lnsl
configure:8402: gcc -o conftest -g -O2   conftest.c -lnsl   >&5
configure:8402: $? = 0
configure:8411: result: yes
configure:8422: checking for socket in -lsocket
configure:8447: gcc -o conftest -g -O2   conftest.c -lsocket  -lnsl  >&5
/usr/lib64/gcc/x86_64-suse-linux/4.8/../../../../x86_64-suse-linux/bin/ld: cannot find -lsocket
collect2: error: ld returned 1 exit status
configure:8447: $? = 1
configure: failed program was:
| /* confdefs.h */
| #define PACKAGE_NAME ""
| #define PACKAGE_TARNAME ""
| #define PACKAGE_VERSION ""
| #define PACKAGE_STRING ""
| #define PACKAGE_BUGREPORT ""
| #define PACKAGE_URL ""
| #define PACKAGE "fcgi"
| #define VERSION "2.4.0"
| #define STDC_HEADERS 1
| #define HAVE_SYS_TYPES_H 1
| #define HAVE_SYS_STAT_H 1
| #define HAVE_STDLIB_H 1
| #define HAVE_STRING_H 1
| #define HAVE_MEMORY_H 1
| #define HAVE_STRINGS_H 1
| #define HAVE_INTTYPES_H 1
| #define HAVE_STDINT_H 1
| #define HAVE_UNISTD_H 1
| #define HAVE_DLFCN_H 1
| #define HAVE_STREAMBUF_CHAR_TYPE 1
| #define HAVE_LIBNSL 1
| /* end confdefs.h.  */
| 
| /* Override any GCC internal prototype to avoid an error.
|    Use char because int might match the return type of a GCC
|    builtin and then its argument prototype would still apply.  */
| #ifdef __cplusplus
| extern "C"
| #endif
| char socket ();
| int
| main ()
| {
| return socket ();
|   ;
|   return 0;
| }
configure:8456: result: no
configure:8474: checking pthread.h usability
configure:8474: gcc -c -g -O2  conftest.c >&5
configure:8474: $? = 0
configure:8474: result: yes
configure:8474: checking pthread.h presence
configure:8474: gcc -E  conftest.c
configure:8474: $? = 0
configure:8474: result: yes
configure:8474: checking for pthread.h
configure:8474: result: yes
configure:8586: checking for the pthreads library -lpthreads
configure:8619: gcc -o conftest -g -O2    conftest.c -lpthreads -lnsl  >&5
/usr/lib64/gcc/x86_64-suse-linux/4.8/../../../../x86_64-suse-linux/bin/ld: cannot find -lpthreads
collect2: error: ld returned 1 exit status
configure:8619: $? = 1
configure: failed program was:
| /* confdefs.h */
| #define PACKAGE_NAME ""
| #define PACKAGE_TARNAME ""
| #define PACKAGE_VERSION ""
| #define PACKAGE_STRING ""
| #define PACKAGE_BUGREPORT ""
| #define PACKAGE_URL ""
| #define PACKAGE "fcgi"
| #define VERSION "2.4.0"
| #define STDC_HEADERS 1
| #define HAVE_SYS_TYPES_H 1
| #define HAVE_SYS_STAT_H 1
| #define HAVE_STDLIB_H 1
| #define HAVE_STRING_H 1
| #define HAVE_MEMORY_H 1
| #define HAVE_STRINGS_H 1
| #define HAVE_INTTYPES_H 1
| #define HAVE_STDINT_H 1
| #define HAVE_UNISTD_H 1
| #define HAVE_DLFCN_H 1
| #define HAVE_STREAMBUF_CHAR_TYPE 1
| #define HAVE_LIBNSL 1
| /* end confdefs.h.  */
| #include <pthread.h>
| int
| main ()
| {
| pthread_t th; pthread_join(th, 0);
|                      pthread_attr_init(0); pthread_cleanup_push(0, 0);
|                      pthread_create(0,0,0,0); pthread_cleanup_pop(0);
|   ;
|   return 0;
| }
configure:8628: result: no
configure:8575: checking whether pthreads work without any flags
configure:8619: gcc -o conftest -g -O2    conftest.c  -lnsl  >&5
/tmp/ccqwIyQB.o: In function `main':
/home/mtreport/mtreport_open/lib/fcgi-2.4.0/conftest.c:28: undefined reference to `pthread_join'
/home/mtreport/mtreport_open/lib/fcgi-2.4.0/conftest.c:29: undefined reference to `__pthread_register_cancel'
/home/mtreport/mtreport_open/lib/fcgi-2.4.0/conftest.c:30: undefined reference to `pthread_create'
/home/mtreport/mtreport_open/lib/fcgi-2.4.0/conftest.c:30: undefined reference to `__pthread_unregister_cancel'
collect2: error: ld returned 1 exit status
configure:8619: $? = 1
configure: failed program was:
| /* confdefs.h */
| #define PACKAGE_NAME ""
| #define PACKAGE_TARNAME ""
| #define PACKAGE_VERSION ""
| #define PACKAGE_STRING ""
| #define PACKAGE_BUGREPORT ""
| #define PACKAGE_URL ""
| #define PACKAGE "fcgi"
| #define VERSION "2.4.0"
| #define STDC_HEADERS 1
| #define HAVE_SYS_TYPES_H 1
| #define HAVE_SYS_STAT_H 1
| #define HAVE_STDLIB_H 1
| #define HAVE_STRING_H 1
| #define HAVE_MEMORY_H 1
| #define HAVE_STRINGS_H 1
| #define HAVE_INTTYPES_H 1
| #define HAVE_STDINT_H 1
| #define HAVE_UNISTD_H 1
| #define HAVE_DLFCN_H 1
| #define HAVE_STREAMBUF_CHAR_TYPE 1
| #define HAVE_LIBNSL 1
| /* end confdefs.h.  */
| #include <pthread.h>
| int
| main ()
| {
| pthread_t th; pthread_join(th, 0);
|                      pthread_attr_init(0); pthread_cleanup_push(0, 0);
|                      pthread_create(0,0,0,0); pthread_cleanup_pop(0);
|   ;
|   return 0;
| }
configure:8628: result: no
configure:8580: checking whether pthreads work with -Kthread
configure:8619: gcc -o conftest -g -O2 -Kthread   conftest.c  -lnsl  >&5
gcc: error: unrecognized command line option '-Kthread'
configure:8619: $? = 1
configure: failed program was:
| /* confdefs.h */
| #define PACKAGE_NAME ""
| #define PACKAGE_TARNAME ""
| #define PACKAGE_VERSION ""
| #define PACKAGE_STRING ""
| #define PACKAGE_BUGREPORT ""
| #define PACKAGE_URL ""
| #define PACKAGE "fcgi"
| #define VERSION "2.4.0"
| #define STDC_HEADERS 1
| #define HAVE_SYS_TYPES_H 1
| #define HAVE_SYS_STAT_H 1
| #define HAVE_STDLIB_H 1
| #define HAVE_STRING_H 1
| #define HAVE_MEMORY_H 1
| #define HAVE_STRINGS_H 1
| #define HAVE_INTTYPES_H 1
| #define HAVE_STDINT_H 1
| #define HAVE_UNISTD_H 1
| #define HAVE_DLFCN_H 1
| #define HAVE_STREAMBUF_CHAR_TYPE 1
| #define HAVE_LIBNSL 1
| /* end confdefs.h.  */
| #include <pthread.h>
| int
| main ()
| {
| pthread_t th; pthread_join(th, 0);
|                      pthread_attr_init(0); pthread_cleanup_push(0, 0);
|                      pthread_create(0,0,0,0); pthread_cleanup_pop(0);
|   ;
|   return 0;
| }
configure:8628: result: no
configure:8580: checking whether pthreads work with -kthread
configure:8619: gcc -o conftest -g -O2 -kthread   conftest.c  -lnsl  >&5
gcc: error: unrecognized command line option '-kthread'
configure:8619: $? = 1
configure: failed program was:
| /* confdefs.h */
| #define PACKAGE_NAME ""
| #define PACKAGE_TARNAME ""
| #define PACKAGE_VERSION ""
| #define PACKAGE_STRING ""
| #define PACKAGE_BUGREPORT ""
| #define PACKAGE_URL ""
| #define PACKAGE "fcgi"
| #define VERSION "2.4.0"
| #define STDC_HEADERS 1
| #define HAVE_SYS_TYPES_H 1
| #define HAVE_SYS_STAT_H 1
| #define HAVE_STDLIB_H 1
| #define HAVE_STRING_H 1
| #define HAVE_MEMORY_H 1
| #define HAVE_STRINGS_H 1
| #define HAVE_INTTYPES_H 1
| #define HAVE_STDINT_H 1
| #define HAVE_UNISTD_H 1
| #define HAVE_DLFCN_H 1
| #define HAVE_STREAMBUF_CHAR_TYPE 1
| #define HAVE_LIBNSL 1
| /* end confdefs.h.  */
| #include <pthread.h>
| int
| main ()
| {
| pthread_t th; pthread_join(th, 0);
|                      pthread_attr_init(0); pthread_cleanup_push(0, 0);
|                      pthread_create(0,0,0,0); pthread_cleanup_pop(0);
|   ;
|   return 0;
| }
configure:8628: result: no
configure:8586: checking for the pthreads library -llthread
configure:8619: gcc -o conftest -g -O2    conftest.c -llthread -lnsl  >&5
/usr/lib64/gcc/x86_64-suse-linux/4.8/../../../../x86_64-suse-linux/bin/ld: cannot find -llthread
collect2: error: ld returned 1 exit status
configure:8619: $? = 1
configure: failed program was:
| /* confdefs.h */
| #define PACKAGE_NAME ""
| #define PACKAGE_TARNAME ""
| #define PACKAGE_VERSION ""
| #define PACKAGE_STRING ""
| #define PACKAGE_BUGREPORT ""
| #define PACKAGE_URL ""
| #define PACKAGE "fcgi"
| #define VERSION "2.4.0"
| #define STDC_HEADERS 1
| #define HAVE_SYS_TYPES_H 1
| #define HAVE_SYS_STAT_H 1
| #define HAVE_STDLIB_H 1
| #define HAVE_STRING_H 1
| #define HAVE_MEMORY_H 1
| #define HAVE_STRINGS_H 1
| #define HAVE_INTTYPES_H 1
| #define HAVE_STDINT_H 1
| #define HAVE_UNISTD_H 1
| #define HAVE_DLFCN_H 1
| #define HAVE_STREAMBUF_CHAR_TYPE 1
| #define HAVE_LIBNSL 1
| /* end confdefs.h.  */
| #include <pthread.h>
| int
| main ()
| {
| pthread_t th; pthread_join(th, 0);
|                      pthread_attr_init(0); pthread_cleanup_push(0, 0);
|                      pthread_create(0,0,0,0); pthread_cleanup_pop(0);
|   ;
|   return 0;
| }
configure:8628: result: no
configure:8580: checking whether pthreads work with -pthread
configure:8619: gcc -o conftest -g -O2 -pthread   conftest.c  -lnsl  >&5
configure:8619: $? = 0
configure:8628: result: yes
configure:8648: checking for joinable pthread attribute
configure:8661: gcc -o conftest -g -O2 -pthread   conftest.c  -lnsl  >&5
configure:8661: $? = 0
configure:8693: result: PTHREAD_CREATE_JOINABLE
configure:8700: checking if more special flags are required for pthreads
configure:8707: result: no
configure:8719: checking for cc_r
configure:8747: result: gcc
configure:8776: checking for ssize_t
configure:8776: gcc -c -g -O2  conftest.c >&5
configure:8776: $? = 0
configure:8776: gcc -c -g -O2  conftest.c >&5
conftest.c: In function 'main':
conftest.c:60:22: error: expected expression before ')' token
 if (sizeof ((ssize_t)))
                      ^
configure:8776: $? = 1
configure: failed program was:
| /* confdefs.h */
| #define PACKAGE_NAME ""
| #define PACKAGE_TARNAME ""
| #define PACKAGE_VERSION ""
| #define PACKAGE_STRING ""
| #define PACKAGE_BUGREPORT ""
| #define PACKAGE_URL ""
| #define PACKAGE "fcgi"
| #define VERSION "2.4.0"
| #define STDC_HEADERS 1
| #define HAVE_SYS_TYPES_H 1
| #define HAVE_SYS_STAT_H 1
| #define HAVE_STDLIB_H 1
| #define HAVE_STRING_H 1
| #define HAVE_MEMORY_H 1
| #define HAVE_STRINGS_H 1
| #define HAVE_INTTYPES_H 1
| #define HAVE_STDINT_H 1
| #define HAVE_UNISTD_H 1
| #define HAVE_DLFCN_H 1
| #define HAVE_STREAMBUF_CHAR_TYPE 1
| #define HAVE_LIBNSL 1
| /* end confdefs.h.  */
| #include <stdio.h>
| #ifdef HAVE_SYS_TYPES_H
| # include <sys/types.h>
| #endif
| #ifdef HAVE_SYS_STAT_H
| # include <sys/stat.h>
| #endif
| #ifdef STDC_HEADERS
| # include <stdlib.h>
| # include <stddef.h>
| #else
| # ifdef HAVE_STDLIB_H
| #  include <stdlib.h>
| # endif
| #endif
| #ifdef HAVE_STRING_H
| # if !defined STDC_HEADERS && defined HAVE_MEMORY_H
| #  include <memory.h>
| # endif
| # include <string.h>
| #endif
| #ifdef HAVE_STRINGS_H
| # include <strings.h>
| #endif
| #ifdef HAVE_INTTYPES_H
| # include <inttypes.h>
| #endif
| #ifdef HAVE_STDINT_H
| # include <stdint.h>
| #endif
| #ifdef HAVE_UNISTD_H
| # include <unistd.h>
| #endif
| int
| main ()
| {
| if (sizeof ((ssize_t)))
| 	    return 0;
|   ;
|   return 0;
| }
configure:8776: result: yes
configure:8788: checking for sun_len in sys/un.h
configure:8803: result: no
configure:8809: checking for fpos_t in stdio.h
configure:8818: result: yes
configure:8833: checking sys/socket.h usability
configure:8833: gcc -c -g -O2  conftest.c >&5
configure:8833: $? = 0
configure:8833: result: yes
configure:8833: checking sys/socket.h presence
configure:8833: gcc -E  conftest.c
configure:8833: $? = 0
configure:8833: result: yes
configure:8833: checking for sys/socket.h
configure:8833: result: yes
configure:8833: checking netdb.h usability
configure:8833: gcc -c -g -O2  conftest.c >&5
configure:8833: $? = 0
configure:8833: result: yes
configure:8833: checking netdb.h presence
configure:8833: gcc -E  conftest.c
configure:8833: $? = 0
configure:8833: result: yes
configure:8833: checking for netdb.h
configure:8833: result: yes
configure:8833: checking netinet/in.h usability
configure:8833: gcc -c -g -O2  conftest.c >&5
configure:8833: $? = 0
configure:8833: result: yes
configure:8833: checking netinet/in.h presence
configure:8833: gcc -E  conftest.c
configure:8833: $? = 0
configure:8833: result: yes
configure:8833: checking for netinet/in.h
configure:8833: result: yes
configure:8833: checking arpa/inet.h usability
configure:8833: gcc -c -g -O2  conftest.c >&5
configure:8833: $? = 0
configure:8833: result: yes
configure:8833: checking arpa/inet.h presence
configure:8833: gcc -E  conftest.c
configure:8833: $? = 0
configure:8833: result: yes
configure:8833: checking for arpa/inet.h
configure:8833: result: yes
configure:8846: checking sys/time.h usability
configure:8846: gcc -c -g -O2  conftest.c >&5
configure:8846: $? = 0
configure:8846: result: yes
configure:8846: checking sys/time.h presence
configure:8846: gcc -E  conftest.c
configure:8846: $? = 0
configure:8846: result: yes
configure:8846: checking for sys/time.h
configure:8846: result: yes
configure:8846: checking limits.h usability
configure:8846: gcc -c -g -O2  conftest.c >&5
configure:8846: $? = 0
configure:8846: result: yes
configure:8846: checking limits.h presence
configure:8846: gcc -E  conftest.c
configure:8846: $? = 0
configure:8846: result: yes
configure:8846: checking for limits.h
configure:8846: result: yes
configure:8846: checking sys/param.h usability
configure:8846: gcc -c -g -O2  conftest.c >&5
configure:8846: $? = 0
configure:8846: result: yes
configure:8846: checking sys/param.h presence
configure:8846: gcc -E  conftest.c
configure:8846: $? = 0
configure:8846: result: yes
configure:8846: checking for sys/param.h
configure:8846: result: yes
configure:8846: checking for unistd.h
configure:8846: result: yes
configure:8857: checking for a fileno() prototype in stdio.h
configure:8866: result: yes
configure:8904: checking whether cross-process locking is required by accept()
configure:8915: result: no
configure:8924: checking whether va_arg(arg, long double) crashes the compiler
configure:8937: gcc -c -g -O2  conftest.c >&5
configure:8937: $? = 0
configure:8938: result: no
configure:8949: checking for an ANSI C-conforming const
configure:9015: gcc -c -g -O2  conftest.c >&5
configure:9015: $? = 0
configure:9022: result: yes
configure:9032: checking for strerror
configure:9032: gcc -o conftest -g -O2   conftest.c -lnsl  >&5
configure:9032: $? = 0
configure:9032: result: yes
configure:9047: checking for inline
configure:9063: gcc -c -g -O2  conftest.c >&5
configure:9063: $? = 0
configure:9071: result: inline
configure:9106: checking for C compiler warning flags
configure:9178: result: -Wall
configure:9299: creating ./config.status

## ---------------------- ##
## Running config.status. ##
## ---------------------- ##

This file was extended by config.status, which was
generated by GNU Autoconf 2.69.  Invocation command line was

  CONFIG_FILES    = 
  CONFIG_HEADERS  = 
  CONFIG_LINKS    = 
  CONFIG_COMMANDS = 
  $ ./config.status 

on linux-nonj

config.status:877: creating Makefile
config.status:980: WARNING:  'Makefile.in' seems to ignore the --datarootdir setting
config.status:877: creating cgi-fcgi/Makefile
config.status:980: WARNING:  'cgi-fcgi/Makefile.in' seems to ignore the --datarootdir setting
config.status:877: creating include/Makefile
config.status:980: WARNING:  'include/Makefile.in' seems to ignore the --datarootdir setting
config.status:877: creating libfcgi/Makefile
config.status:980: WARNING:  'libfcgi/Makefile.in' seems to ignore the --datarootdir setting
config.status:877: creating examples/Makefile
config.status:980: WARNING:  'examples/Makefile.in' seems to ignore the --datarootdir setting
config.status:877: creating fcgi_config.h
config.status:1052: fcgi_config.h is unchanged
config.status:1066: executing default-1 commands

## ---------------- ##
## Cache variables. ##
## ---------------- ##

ac_cv_build=x86_64-unknown-linux-gnu
ac_cv_c_compiler_gnu=yes
ac_cv_c_const=yes
ac_cv_c_inline=inline
ac_cv_cxx_compiler_gnu=yes
ac_cv_env_CCC_set=
ac_cv_env_CCC_value=
ac_cv_env_CC_set=
ac_cv_env_CC_value=
ac_cv_env_CFLAGS_set=
ac_cv_env_CFLAGS_value=
ac_cv_env_CPPFLAGS_set=
ac_cv_env_CPPFLAGS_value=
ac_cv_env_CPP_set=
ac_cv_env_CPP_value=
ac_cv_env_CXXFLAGS_set=
ac_cv_env_CXXFLAGS_value=
ac_cv_env_CXX_set=
ac_cv_env_CXX_value=
ac_cv_env_LDFLAGS_set=
ac_cv_env_LDFLAGS_value=
ac_cv_env_LIBS_set=
ac_cv_env_LIBS_value=
ac_cv_env_build_alias_set=
ac_cv_env_build_alias_value=
ac_cv_env_host_alias_set=
ac_cv_env_host_alias_value=
ac_cv_env_target_alias_set=
ac_cv_env_target_alias_value=
ac_cv_func_strerror=yes
ac_cv_header_arpa_inet_h=yes
ac_cv_header_dlfcn_h=yes
ac_cv_header_inttypes_h=yes
ac_cv_header_limits_h=yes
ac_cv_header_memory_h=yes
ac_cv_header_netdb_h=yes
ac_cv_header_netinet_in_h=yes
ac_cv_header_pthread_h=yes
ac_cv_header_stdc=yes
ac_cv_header_stdint_h=yes
ac_cv_header_stdlib_h=yes
ac_cv_header_string_h=yes
ac_cv_header_strings_h=yes
ac_cv_header_sys_param_h=yes
ac_cv_header_sys_socket_h=yes
ac_cv_header_sys_stat_h=yes
ac_cv_header_sys_time_h=yes
ac_cv_header_sys_types_h=yes
ac_cv_header_unistd_h=yes
ac_cv_host=x86_64-unknown-linux-gnu
ac_cv_lib_nsl_gethostbyname=yes
ac_cv_lib_socket_socket=no
ac_cv_objext=o
ac_cv_path_EGREP='/usr/bin/grep -E'
ac_cv_path_GREP=/usr/bin/grep
ac_cv_path_install='/usr/bin/install -c'
ac_cv_prog_AWK=gawk
ac_cv_prog_CPP='gcc -E'
ac_cv_prog_PTHREAD_CC=gcc
ac_cv_prog_ac_ct_CC=gcc
ac_cv_prog_ac_ct_CXX=g++
ac_cv_prog_ac_ct_RANLIB=ranlib
ac_cv_prog_ac_ct_STRIP=strip
ac_cv_prog_cc_c89=
ac_cv_prog_cc_g=yes
ac_cv_prog_cc_warnings=-Wall
ac_cv_prog_cxx_g=yes
ac_cv_prog_make_make_set=yes
ac_cv_type_ssize_t=yes
am_cv_CC_dependencies_compiler_type=gcc3
am_cv_CXX_dependencies_compiler_type=gcc3
lt_cv_archive_cmds_need_lc=no
lt_cv_compiler_c_o=yes
lt_cv_compiler_o_lo=yes
lt_cv_deplibs_check_method='file_magic ELF [0-9][0-9]*-bit [LM]SB (shared object|dynamic lib )'
lt_cv_file_magic_cmd='$MAGIC_CMD'
lt_cv_file_magic_test_file='/lib/libc.so.6 /lib/libc-2.19.so'
lt_cv_global_symbol_to_c_name_address='sed -n -e '\''s/^: \([^ ]*\) $/  {\"\1\", (lt_ptr) 0},/p'\'' -e '\''s/^[BCDEGRST] \([^ ]*\) \([^ ]*\)$/  {"\2", (lt_ptr) \&\2},/p'\'''
lt_cv_global_symbol_to_cdecl='sed -n -e '\''s/^. .* \(.*\)$/extern char \1;/p'\'''
lt_cv_ld_reload_flag=-r
lt_cv_path_LD=/usr/x86_64-suse-linux/bin/ld
lt_cv_path_MAGIC_CMD=/usr/bin/file
lt_cv_path_NM='/usr/bin/nm -B'
lt_cv_prog_cc_can_build_shared=yes
lt_cv_prog_cc_no_builtin=
lt_cv_prog_cc_pic=' -fPIC'
lt_cv_prog_cc_pic_works=yes
lt_cv_prog_cc_shlib=
lt_cv_prog_cc_static=
lt_cv_prog_cc_static_works=no
lt_cv_prog_cc_wl=-Wl,
lt_cv_prog_gnu_ld=yes
lt_cv_sys_global_symbol_pipe='sed -n -e '\''s/^.*[ 	]\([ABCDGISTW][ABCDGISTW]*\)[ 	][ 	]*\(\)\([_A-Za-z][_A-Za-z0-9]*\)$/\1 \2\3 \3/p'\'''

## ----------------- ##
## Output variables. ##
## ----------------- ##

ACLOCAL='${SHELL} /home/mtreport/mtreport_open/lib/fcgi-2.4.0/missing --run aclocal'
AMDEPBACKSLASH='\'
AMDEP_FALSE='#'
AMDEP_TRUE=''
AMTAR='${SHELL} /home/mtreport/mtreport_open/lib/fcgi-2.4.0/missing --run tar'
AUTOCONF='${SHELL} /home/mtreport/mtreport_open/lib/fcgi-2.4.0/missing --run autoconf'
AUTOHEADER='${SHELL} /home/mtreport/mtreport_open/lib/fcgi-2.4.0/missing --run autoheader'
AUTOMAKE='${SHELL} /home/mtreport/mtreport_open/lib/fcgi-2.4.0/missing --run automake'
AWK='gawk'
CC='gcc'
CCDEPMODE='depmode=gcc3'
CFLAGS='-g -O2 -Wall'
CPP='gcc -E'
CPPFLAGS=''
CXX='g++'
CXXDEPMODE='depmode=gcc3'
CXXFLAGS='-g -O2'
DEFS='-DHAVE_CONFIG_H'
DEPDIR='.deps'
ECHO='echo'
ECHO_C=''
ECHO_CPP='echo-cpp'
ECHO_N='-n'
ECHO_T=''
EGREP='/usr/bin/grep -E'
EXEEXT=''
GREP='/usr/bin/grep'
INSTALL_DATA='${INSTALL} -m 644'
INSTALL_PROGRAM='${INSTALL}'
INSTALL_SCRIPT='${INSTALL}'
INSTALL_STRIP_PROGRAM='${SHELL} $(install_sh) -c -s'
LDFLAGS=''
LIBFCGIXX='libfcgi++.la'
LIBOBJS=''
LIBS='-lnsl '
LIBTOOL='$(SHELL) $(top_builddir)/libtool'
LN_S='ln -s'
LTLIBOBJS=''
MAKEINFO='${SHELL} /home/mtreport/mtreport_open/lib/fcgi-2.4.0/missing --run makeinfo'
OBJEXT='o'
PACKAGE='fcgi'
PACKAGE_BUGREPORT=''
PACKAGE_NAME=''
PACKAGE_STRING=''
PACKAGE_TARNAME=''
PACKAGE_URL=''
PACKAGE_VERSION=''
PATH_SEPARATOR=':'
PTHREAD_CC='gcc'
PTHREAD_CFLAGS='-pthread'
PTHREAD_LIBS=''
RANLIB='ranlib'
SET_MAKE=''
SHELL='/bin/sh'
STRIP='strip'
SYSTEM='unix'
THREADED='threaded'
VERSION='2.4.0'
ac_ct_CC='gcc'
ac_ct_CXX='g++'
am__include='include'
am__quote=''
bindir='${exec_prefix}/bin'
build='x86_64-unknown-linux-gnu'
build_alias=''
build_cpu='x86_64'
build_os='linux-gnu'
build_vendor='unknown'
datadir='${datarootdir}'
datarootdir='${prefix}/share'
docdir='${datarootdir}/doc/${PACKAGE}'
dvidir='${docdir}'
exec_prefix='${prefix}'
host='x86_64-unknown-linux-gnu'
host_alias=''
host_cpu='x86_64'
host_os='linux-gnu'
host_vendor='unknown'
htmldir='${docdir}'
includedir='/usr/include/fastcgi'
infodir='${datarootdir}/info'
install_sh='/home/mtreport/mtreport_open/lib/fcgi-2.4.0/install-sh'
libdir='/usr/lib64'
libexecdir='${exec_prefix}/lib'
localedir='${datarootdir}/locale'
localstatedir='${prefix}/var'
mandir='${datarootdir}/man'
oldincludedir='/usr/include'
pdfdir='${docdir}'
prefix='/usr/local'
program_transform_name='s,x,x,'
psdir='${docdir}'
sbindir='${exec_prefix}/sbin'
sharedstatedir='${prefix}/com'
sysconfdir='${prefix}/etc'
target_alias=''

## ----------- ##
## confdefs.h. ##
## ----------- ##

/* confdefs.h */
#define PACKAGE_NAME ""
#define PACKAGE_TARNAME ""
#define PACKAGE_VERSION ""
#define PACKAGE_STRING ""
#define PACKAGE_BUGREPORT ""
#define PACKAGE_URL ""
#define PACKAGE "fcgi"
#define VERSION "2.4.0"
#define STDC_HEADERS 1
#define HAVE_SYS_TYPES_H 1
#define HAVE_SYS_STAT_H 1
#define HAVE_STDLIB_H 1
#define HAVE_STRING_H 1
#define HAVE_MEMORY_H 1
#define HAVE_STRINGS_H 1
#define HAVE_INTTYPES_H 1
#define HAVE_STDINT_H 1
#define HAVE_UNISTD_H 1
#define HAVE_DLFCN_H 1
#define HAVE_STREAMBUF_CHAR_TYPE 1
#define HAVE_LIBNSL 1
#define HAVE_FPOS 1
#define HAVE_SYS_SOCKET_H 1
#define HAVE_NETDB_H 1
#define HAVE_NETINET_IN_H 1
#define HAVE_ARPA_INET_H 1
#define HAVE_SYS_TIME_H 1
#define HAVE_LIMITS_H 1
#define HAVE_SYS_PARAM_H 1
#define HAVE_UNISTD_H 1
#define HAVE_FILENO_PROTO 1
#define HAVE_STRERROR 1

configure: exit 0

## ---------------------- ##
## Running config.status. ##
## ---------------------- ##

This file was extended by config.status, which was
generated by GNU Autoconf 2.69.  Invocation command line was

  CONFIG_FILES    = 
  CONFIG_HEADERS  = fcgi_config.h
  CONFIG_LINKS    = 
  CONFIG_COMMANDS = 
  $ ./config.status 

on linux-nonj

config.status:877: creating fcgi_config.h
config.status:1052: fcgi_config.h is unchanged
config.status:1066: executing default-1 commands

## ---------------------- ##
## Running config.status. ##
## ---------------------- ##

This file was extended by config.status, which was
generated by GNU Autoconf 2.69.  Invocation command line was

  CONFIG_FILES    = libfcgi/Makefile
  CONFIG_HEADERS  = 
  CONFIG_LINKS    = 
  CONFIG_COMMANDS = 
  $ ./config.status 

on linux-nonj

config.status:877: creating libfcgi/Makefile
config.status:980: WARNING:  'libfcgi/Makefile.in' seems to ignore the --datarootdir setting
config.status:1066: executing default-1 commands

## ---------------------- ##
## Running config.status. ##
## ---------------------- ##

This file was extended by config.status, which was
generated by GNU Autoconf 2.69.  Invocation command line was

  CONFIG_FILES    = cgi-fcgi/Makefile
  CONFIG_HEADERS  = 
  CONFIG_LINKS    = 
  CONFIG_COMMANDS = 
  $ ./config.status 

on linux-nonj

config.status:877: creating cgi-fcgi/Makefile
config.status:980: WARNING:  'cgi-fcgi/Makefile.in' seems to ignore the --datarootdir setting
config.status:1066: executing default-1 commands

## ---------------------- ##
## Running config.status. ##
## ---------------------- ##

This file was extended by config.status, which was
generated by GNU Autoconf 2.69.  Invocation command line was

  CONFIG_FILES    = examples/Makefile
  CONFIG_HEADERS  = 
  CONFIG_LINKS    = 
  CONFIG_COMMANDS = 
  $ ./config.status 

on linux-nonj

config.status:877: creating examples/Makefile
config.status:980: WARNING:  'examples/Makefile.in' seems to ignore the --datarootdir setting
config.status:1066: executing default-1 commands

## ---------------------- ##
## Running config.status. ##
## ---------------------- ##

This file was extended by config.status, which was
generated by GNU Autoconf 2.69.  Invocation command line was

  CONFIG_FILES    = include/Makefile
  CONFIG_HEADERS  = 
  CONFIG_LINKS    = 
  CONFIG_COMMANDS = 
  $ ./config.status 

on linux-nonj

config.status:877: creating include/Makefile
config.status:980: WARNING:  'include/Makefile.in' seems to ignore the --datarootdir setting
config.status:1066: executing default-1 commands

## ---------------------- ##
## Running config.status. ##
## ---------------------- ##

This file was extended by config.status, which was
generated by GNU Autoconf 2.69.  Invocation command line was

  CONFIG_FILES    = Makefile
  CONFIG_HEADERS  = 
  CONFIG_LINKS    = 
  CONFIG_COMMANDS = 
  $ ./config.status 

on linux-nonj

config.status:877: creating Makefile
config.status:980: WARNING:  'Makefile.in' seems to ignore the --datarootdir setting
config.status:1066: executing default-1 commands
